Using pre-set license
Built from '2021.3/staging' branch; Version is '2021.3.22f1 (b6c551784ba3) revision 11978065'; Using compiler version '192829333'; Build Type 'Release'
OS: 'Windows 10  (10.0.19044) 64bit Core' Language: 'en' Physical Memory: 16121 MB
BatchMode: 1, IsHumanControllingUs: 0, StartBugReporterOnCrash: 0, Is64bit: 1, IsPro: 1

COMMAND LINE ARGUMENTS:
C:\Program Files\Unity\Hub\Editor\2021.3.22f1\Editor\Unity.exe
-adb2
-batchMode
-noUpm
-name
AssetImportWorker0
-projectPath
C:/Users/Mikael/My project (1)
-logFile
Logs/AssetImportWorker0.log
-srvPort
7033
Successfully changed project path to: C:/Users/Mikael/My project (1)
C:/Users/Mikael/My project (1)
[UnityMemory] Configuration Parameters - Can be set up in boot.config
    "memorysetup-bucket-allocator-granularity=16"
    "memorysetup-bucket-allocator-bucket-count=8"
    "memorysetup-bucket-allocator-block-size=33554432"
    "memorysetup-bucket-allocator-block-count=8"
    "memorysetup-main-allocator-block-size=16777216"
    "memorysetup-thread-allocator-block-size=16777216"
    "memorysetup-gfx-main-allocator-block-size=16777216"
    "memorysetup-gfx-thread-allocator-block-size=16777216"
    "memorysetup-cache-allocator-block-size=4194304"
    "memorysetup-typetree-allocator-block-size=2097152"
    "memorysetup-profiler-bucket-allocator-granularity=16"
    "memorysetup-profiler-bucket-allocator-bucket-count=8"
    "memorysetup-profiler-bucket-allocator-block-size=33554432"
    "memorysetup-profiler-bucket-allocator-block-count=8"
    "memorysetup-profiler-allocator-block-size=16777216"
    "memorysetup-profiler-editor-allocator-block-size=1048576"
    "memorysetup-temp-allocator-size-main=16777216"
    "memorysetup-job-temp-allocator-block-size=2097152"
    "memorysetup-job-temp-allocator-block-size-background=1048576"
    "memorysetup-job-temp-allocator-reduction-small-platforms=262144"
    "memorysetup-temp-allocator-size-background-worker=32768"
    "memorysetup-temp-allocator-size-job-worker=262144"
    "memorysetup-temp-allocator-size-preload-manager=33554432"
    "memorysetup-temp-allocator-size-nav-mesh-worker=65536"
    "memorysetup-temp-allocator-size-audio-worker=65536"
    "memorysetup-temp-allocator-size-cloud-worker=32768"
    "memorysetup-temp-allocator-size-gi-baking-worker=262144"
    "memorysetup-temp-allocator-size-gfx=262144"
Player connection [52428] Host "[IP] 192.168.56.1 [Port] 0 [Flags] 2 [Guid] 2913324190 [EditorId] 2913324190 [Version] 1048832 [Id] WindowsEditor(7,DESKTOP-N6ANGN2) [Debug] 1 [PackageName] WindowsEditor [ProjectName] Editor" joined multi-casting on [225.0.0.222:54997]...

Player connection [52428] Host "[IP] 192.168.56.1 [Port] 0 [Flags] 2 [Guid] 2913324190 [EditorId] 2913324190 [Version] 1048832 [Id] WindowsEditor(7,DESKTOP-N6ANGN2) [Debug] 1 [PackageName] WindowsEditor [ProjectName] Editor" joined alternative multi-casting on [225.0.0.222:34997]...

Refreshing native plugins compatible for Editor in 196.87 ms, found 3 plugins.
Preloading 0 native plugins for Editor in 0.00 ms.
Initialize engine version: 2021.3.22f1 (b6c551784ba3)
[Subsystems] Discovering subsystems at path C:/Program Files/Unity/Hub/Editor/2021.3.22f1/Editor/Data/Resources/UnitySubsystems
[Subsystems] Discovering subsystems at path C:/Users/Mikael/My project (1)/Assets
GfxDevice: creating device client; threaded=0; jobified=0
Direct3D:
    Version:  Direct3D 11.0 [level 11.1]
    Renderer: Intel(R) UHD Graphics 620 (ID=0x3ea0)
    Vendor:   Intel
    VRAM:     8060 MB
    Driver:   26.20.100.7927
Initialize mono
Mono path[0] = 'C:/Program Files/Unity/Hub/Editor/2021.3.22f1/Editor/Data/Managed'
Mono path[1] = 'C:/Program Files/Unity/Hub/Editor/2021.3.22f1/Editor/Data/MonoBleedingEdge/lib/mono/unityjit-win32'
Mono config path = 'C:/Program Files/Unity/Hub/Editor/2021.3.22f1/Editor/Data/MonoBleedingEdge/etc'
Using monoOptions --debugger-agent=transport=dt_socket,embedding=1,server=y,suspend=n,address=127.0.0.1:56788
Begin MonoManager ReloadAssembly
Registering precompiled unity dll's ...
Register platform support module: C:/Program Files/Unity/Hub/Editor/2021.3.22f1/Editor/Data/PlaybackEngines/WebGLSupport/UnityEditor.WebGL.Extensions.dll
Register platform support module: C:/Program Files/Unity/Hub/Editor/2021.3.22f1/Editor/Data/PlaybackEngines/WindowsStandaloneSupport/UnityEditor.WindowsStandalone.Extensions.dll
Registered in 0.019706 seconds.
Native extension for WindowsStandalone target not found
Native extension for WebGL target not found
Refreshing native plugins compatible for Editor in 260.47 ms, found 3 plugins.
Preloading 0 native plugins for Editor in 0.00 ms.
Mono: successfully reloaded assembly
- Completed reload, in  1.485 seconds
Domain Reload Profiling:
	ReloadAssembly (1486ms)
		BeginReloadAssembly (242ms)
			ExecutionOrderSort (0ms)
			DisableScriptedObjects (0ms)
			BackupInstance (0ms)
			ReleaseScriptingObjects (0ms)
			CreateAndSetChildDomain (1ms)
		EndReloadAssembly (1044ms)
			LoadAssemblies (238ms)
			RebuildTransferFunctionScriptingTraits (0ms)
			SetupTypeCache (217ms)
			ReleaseScriptCaches (0ms)
			RebuildScriptCaches (59ms)
			SetupLoadedEditorAssemblies (643ms)
				LogAssemblyErrors (0ms)
				InitializePlatformSupportModulesInManaged (25ms)
				SetLoadedEditorAssemblies (1ms)
				RefreshPlugins (261ms)
				BeforeProcessingInitializeOnLoad (2ms)
				ProcessInitializeOnLoadAttributes (267ms)
				ProcessInitializeOnLoadMethodAttributes (88ms)
				AfterProcessingInitializeOnLoad (0ms)
				EditorAssembliesLoaded (0ms)
			ExecutionOrderSort2 (0ms)
			AwakeInstancesAfterBackupRestoration (0ms)
Platform modules already initialized, skipping
Registering precompiled user dll's ...
Registered in 0.016692 seconds.
Begin MonoManager ReloadAssembly
Symbol file LoadedFromMemory doesn't match image C:\Users\Mikael\My project (1)\Library\PackageCache\com.unity.visualscripting@1.8.0\Editor\VisualScripting.Core\Dependencies\YamlDotNet\Unity.VisualScripting.YamlDotNet.dll
Symbol file LoadedFromMemory doesn't match image C:\Users\Mikael\My project (1)\Library\PackageCache\com.unity.visualscripting@1.8.0\Editor\VisualScripting.Core\Dependencies\DotNetZip\Unity.VisualScripting.IonicZip.dll
Native extension for WindowsStandalone target not found
Native extension for WebGL target not found
Refreshing native plugins compatible for Editor in 168.95 ms, found 3 plugins.
Preloading 0 native plugins for Editor in 0.00 ms.
Mono: successfully reloaded assembly
- Completed reload, in  1.990 seconds
Domain Reload Profiling:
	ReloadAssembly (1991ms)
		BeginReloadAssembly (188ms)
			ExecutionOrderSort (0ms)
			DisableScriptedObjects (12ms)
			BackupInstance (0ms)
			ReleaseScriptingObjects (0ms)
			CreateAndSetChildDomain (28ms)
		EndReloadAssembly (1631ms)
			LoadAssemblies (157ms)
			RebuildTransferFunctionScriptingTraits (0ms)
			SetupTypeCache (516ms)
			ReleaseScriptCaches (1ms)
			RebuildScriptCaches (100ms)
			SetupLoadedEditorAssemblies (817ms)
				LogAssemblyErrors (0ms)
				InitializePlatformSupportModulesInManaged (8ms)
				SetLoadedEditorAssemblies (0ms)
				RefreshPlugins (169ms)
				BeforeProcessingInitializeOnLoad (179ms)
				ProcessInitializeOnLoadAttributes (339ms)
				ProcessInitializeOnLoadMethodAttributes (108ms)
				AfterProcessingInitializeOnLoad (14ms)
				EditorAssembliesLoaded (0ms)
			ExecutionOrderSort2 (0ms)
			AwakeInstancesAfterBackupRestoration (12ms)
Platform modules already initialized, skipping
========================================================================
Worker process is ready to serve import requests
Launched and connected shader compiler UnityShaderCompiler.exe after 0.07 seconds
Refreshing native plugins compatible for Editor in 1.00 ms, found 3 plugins.
Preloading 0 native plugins for Editor in 0.00 ms.
Unloading 5452 Unused Serialized files (Serialized files now loaded: 0)
Unloading 53 unused Assets / (1.4 MB). Loaded Objects now: 5895.
Memory consumption went from 219.1 MB to 217.7 MB.
Total: 6.206400 ms (FindLiveObjects: 0.703900 ms CreateObjectMapping: 0.733100 ms MarkObjects: 4.245900 ms  DeleteObjects: 0.521800 ms)

AssetImportParameters requested are different than current active one (requested -> active):
  custom:video-decoder-ogg-theora: a1e56fd34408186e4bbccfd4996cb3dc -> 
  custom:container-muxer-webm: aa71ff27fc2769a1b78a27578f13a17b -> 
  custom:container-demuxer-webm: 4f35f7cbe854078d1ac9338744f61a02 -> 
  custom:video-encoder-webm-vp8: eb34c28f22e8b96e1ab97ce403110664 -> 
  custom:video-codec-MediaFoundation-h265: 746d11721c4dcdbdad8f713fa42b33f4 -> 
  custom:audio-encoder-webm-vorbis: bf7c407c2cedff20999df2af8eb42d56 -> 
  custom:framework-win-MediaFoundation: 216162199b28c13a410421893ffa2e32 -> 
  custom:container-demuxer-ogg: 62fdf1f143b41e24485cea50d1cbac27 -> 
  custom:video-decoder-webm-vp8: 9c59270c3fd7afecdb556c50c9e8de78 -> 
  custom:audio-decoder-ogg-vorbis: bf7c407c2cedff20999df2af8eb42d56 -> 
========================================================================
Received Import Request.
  Time since last request: 4511674.712114 seconds.
  path: Assets/Settings/UniversalRenderer.asset
  artifactKey: Guid(4a8e21d5c33334b11b34a596161b9360) Importer(815301076,1909f56bfc062723c751e8b465ee728b)
Start importing Assets/Settings/UniversalRenderer.asset using Guid(4a8e21d5c33334b11b34a596161b9360) Importer(815301076,1909f56bfc062723c751e8b465ee728b)  -> (artifact id: 'aa8bf721539bb1b245555e7d3ebeafb2') in 0.041711 seconds 
========================================================================
Received Import Request.
  Time since last request: 108.550361 seconds.
  path: Assets/Samples/Perception/1.0.0-preview.1/Tutorial Files
  artifactKey: Guid(4ad5e2d9a24f8c04dbb92fd8c8ac8916) Importer(815301076,1909f56bfc062723c751e8b465ee728b)
Start importing Assets/Samples/Perception/1.0.0-preview.1/Tutorial Files using Guid(4ad5e2d9a24f8c04dbb92fd8c8ac8916) Importer(815301076,1909f56bfc062723c751e8b465ee728b)  -> (artifact id: 'e84bca479f5ea609817a4647c74d16ba') in 0.020949 seconds 
========================================================================
Received Import Request.
  Time since last request: 19.748852 seconds.
  path: Assets/Samples/Perception/1.0.0-preview.1/Human Pose Labeling and Randomization
  artifactKey: Guid(873eb425bc0865a4d865983112e0d825) Importer(815301076,1909f56bfc062723c751e8b465ee728b)
Start importing Assets/Samples/Perception/1.0.0-preview.1/Human Pose Labeling and Randomization using Guid(873eb425bc0865a4d865983112e0d825) Importer(815301076,1909f56bfc062723c751e8b465ee728b)  -> (artifact id: 'f980592aac67ac04247699802db68d71') in 0.010527 seconds 
========================================================================
Received Import Request.
  Time since last request: 262.372071 seconds.
  path: Assets/Samples/Perception/1.0.0-preview.1/Tutorial Files/Foreground Objects
  artifactKey: Guid(13b964c72863a4de183a0c3ae86e0629) Importer(815301076,1909f56bfc062723c751e8b465ee728b)
Start importing Assets/Samples/Perception/1.0.0-preview.1/Tutorial Files/Foreground Objects using Guid(13b964c72863a4de183a0c3ae86e0629) Importer(815301076,1909f56bfc062723c751e8b465ee728b)  -> (artifact id: '64f56c61051683daa94bc69bf9ccedb3') in 0.010389 seconds 
========================================================================
Received Import Request.
  Time since last request: 0.911727 seconds.
  path: Assets/Samples/Perception/1.0.0-preview.1/Tutorial Files/Foreground Objects/Phase 1
  artifactKey: Guid(0eaeca38125114e0db3707f705e03ebe) Importer(815301076,1909f56bfc062723c751e8b465ee728b)
Start importing Assets/Samples/Perception/1.0.0-preview.1/Tutorial Files/Foreground Objects/Phase 1 using Guid(0eaeca38125114e0db3707f705e03ebe) Importer(815301076,1909f56bfc062723c751e8b465ee728b)  -> (artifact id: 'cd6e564f241821cc80ad1f7aa8391bce') in 0.009226 seconds 
========================================================================
Received Import Request.
  Time since last request: 2.558241 seconds.
  path: Assets/Samples/Perception/1.0.0-preview.1/Tutorial Files/Foreground Objects/Phase 1/Models
  artifactKey: Guid(11243d9adc5b8410ea17082b1813d6fa) Importer(815301076,1909f56bfc062723c751e8b465ee728b)
Start importing Assets/Samples/Perception/1.0.0-preview.1/Tutorial Files/Foreground Objects/Phase 1/Models using Guid(11243d9adc5b8410ea17082b1813d6fa) Importer(815301076,1909f56bfc062723c751e8b465ee728b)  -> (artifact id: 'c9b5d7ba39ee4e60098fb05df197ee78') in 0.009418 seconds 
========================================================================
Received Import Request.
  Time since last request: 0.045159 seconds.
  path: Assets/Samples/Perception/1.0.0-preview.1/Tutorial Files/Foreground Objects/Phase 1/Models/candy_minipralines_lindt.fbx
  artifactKey: Guid(c87e9d4bea5624bd5a7a8ed6953b730e) Importer(815301076,1909f56bfc062723c751e8b465ee728b)
Start importing Assets/Samples/Perception/1.0.0-preview.1/Tutorial Files/Foreground Objects/Phase 1/Models/candy_minipralines_lindt.fbx using Guid(c87e9d4bea5624bd5a7a8ed6953b730e) Importer(815301076,1909f56bfc062723c751e8b465ee728b)  -> (artifact id: 'cadc7bcbcd36a79ebf539367293fde4e') in 2.205431 seconds 
========================================================================
Received Import Request.
  Time since last request: 0.000074 seconds.
  path: Assets/Samples/Perception/1.0.0-preview.1/Tutorial Files/Foreground Objects/Phase 1/Models/drink_whippingcream_lucerne.fbx
  artifactKey: Guid(330cfa10f0861444ab2a9661fbd35f5b) Importer(815301076,1909f56bfc062723c751e8b465ee728b)
Start importing Assets/Samples/Perception/1.0.0-preview.1/Tutorial Files/Foreground Objects/Phase 1/Models/drink_whippingcream_lucerne.fbx using Guid(330cfa10f0861444ab2a9661fbd35f5b) Importer(815301076,1909f56bfc062723c751e8b465ee728b)  -> (artifact id: '2db12a2abbe86639e7e93b13cae6162a') in 0.076740 seconds 
========================================================================
Received Import Request.
  Time since last request: 0.000046 seconds.
  path: Assets/Samples/Perception/1.0.0-preview.1/Tutorial Files/Foreground Objects/Phase 1/Models/cleaning_snuggle_henkel.fbx
  artifactKey: Guid(4b077586c8e5c43dba5b2fd32f06ad80) Importer(815301076,1909f56bfc062723c751e8b465ee728b)
Start importing Assets/Samples/Perception/1.0.0-preview.1/Tutorial Files/Foreground Objects/Phase 1/Models/cleaning_snuggle_henkel.fbx using Guid(4b077586c8e5c43dba5b2fd32f06ad80) Importer(815301076,1909f56bfc062723c751e8b465ee728b)  -> (artifact id: '94a73bbb6304869bcc193576ae0f73e8') in 0.082281 seconds 
========================================================================
Received Import Request.
  Time since last request: 0.000049 seconds.
  path: Assets/Samples/Perception/1.0.0-preview.1/Tutorial Files/Foreground Objects/Phase 1/Models/craft_yarn_caron_01.fbx
  artifactKey: Guid(9297f66ee242a4e7f8911400b6703c57) Importer(815301076,1909f56bfc062723c751e8b465ee728b)
Start importing Assets/Samples/Perception/1.0.0-preview.1/Tutorial Files/Foreground Objects/Phase 1/Models/craft_yarn_caron_01.fbx using Guid(9297f66ee242a4e7f8911400b6703c57) Importer(815301076,1909f56bfc062723c751e8b465ee728b)  -> (artifact id: '0bf1cf4d3737d0b6cdd26c023dfe8712') in 0.090779 seconds 
========================================================================
Received Import Request.
  Time since last request: 0.000032 seconds.
  path: Assets/Samples/Perception/1.0.0-preview.1/Tutorial Files/Foreground Objects/Phase 1/Models/snack_biscotti_ghiott_01.fbx
  artifactKey: Guid(fb5b2d9b3f05b4e9c85ebb64e9be29b6) Importer(815301076,1909f56bfc062723c751e8b465ee728b)
Start importing Assets/Samples/Perception/1.0.0-preview.1/Tutorial Files/Foreground Objects/Phase 1/Models/snack_biscotti_ghiott_01.fbx using Guid(fb5b2d9b3f05b4e9c85ebb64e9be29b6) Importer(815301076,1909f56bfc062723c751e8b465ee728b)  -> (artifact id: 'c84820d827a9c86ddce8427e5266fbf1') in 0.059924 seconds 
========================================================================
Received Import Request.
  Time since last request: 131.329505 seconds.
  path: Assets/Scenes/perceptionTest.unity
  artifactKey: Guid(c765d380c91e8b64eaf79d88dd30319a) Importer(815301076,1909f56bfc062723c751e8b465ee728b)
Start importing Assets/Scenes/perceptionTest.unity using Guid(c765d380c91e8b64eaf79d88dd30319a) Importer(815301076,1909f56bfc062723c751e8b465ee728b)  -> (artifact id: '4ef6e795614cf8061819b96b696070b0') in 0.009039 seconds 
